<?xml version="1.0" encoding="UTF-8"?>
<!-- Generated by org.testng.reporters.JUnitReportReporter -->
<testsuite skipped="0" hostname="MAC-MacBook-Pro.local" name="com.prestashop.test.PrestaShopScenerios" tests="4" failures="0" timestamp="20 Jun 2018 19:20:20 GMT" time="28.244" errors="0">
  <testcase name="BlankEMailTest" time="5.411" classname="com.prestashop.test.PrestaShopScenerios"/>
  <testcase name="InvalidEMailTest" time="8.719" classname="com.prestashop.test.PrestaShopScenerios"/>
  <testcase name="wrongCredentialsTest" time="8.579" classname="com.prestashop.test.PrestaShopScenerios"/>
  <testcase name="BlankPasswordTest" time="5.535" classname="com.prestashop.test.PrestaShopScenerios"/>
</testsuite> <!-- com.prestashop.test.PrestaShopScenerios -->
